# JRE version: OpenJDK Runtime Environment (7.0_91-b02) (build 1.7.0_91-b02)
# Java VM: OpenJDK 64-Bit Server VM (24.91-b01 mixed mode linux-amd64 compressed oops)
Heap
 PSYoungGen      total 539136K, used 14519K [0x00000007ac600000, 0x00000007cec00000, 0x0000000800000000)
  eden space 515584K, 0% used [0x00000007ac600000,0x00000007ac600000,0x00000007cbd80000)
  from space 23552K, 61% used [0x00000007cbd80000,0x00000007ccbadca0,0x00000007cd480000)
  to   space 23040K, 0% used [0x00000007cd480000,0x00000007cd480000,0x00000007ceb00000)
 ParOldGen       total 171008K, used 42782K [0x0000000705200000, 0x000000070f900000, 0x00000007ac600000)
  object space 171008K, 25% used [0x0000000705200000,0x0000000707bc79e8,0x000000070f900000)
 PSPermGen       total 43520K, used 43033K [0x00000006fac00000, 0x00000006fd680000, 0x0000000705200000)
  object space 43520K, 98% used [0x00000006fac00000,0x00000006fd6067f0,0x00000006fd680000)
GC Heap History (10 events):
Event: 8.804 GC heap after
Heap after GC invocations=4 (full 0):
 PSYoungGen      total 139776K, used 10741K [0x00000007ac600000, 0x00000007b5900000, 0x0000000800000000)
  eden space 129024K, 0% used [0x00000007ac600000,0x00000007ac600000,0x00000007b4400000)
  from space 10752K, 99% used [0x00000007b4e80000,0x00000007b58fd728,0x00000007b5900000)
  to   space 10752K, 0% used [0x00000007b4400000,0x00000007b4400000,0x00000007b4e80000)
 ParOldGen       total 171008K, used 27363K [0x0000000705200000, 0x000000070f900000, 0x00000007ac600000)
  object space 171008K, 16% used [0x0000000705200000,0x0000000706cb8eb0,0x000000070f900000)
 PSPermGen       total 39424K, used 39415K [0x00000006fac00000, 0x00000006fd280000, 0x0000000705200000)
  object space 39424K, 99% used [0x00000006fac00000,0x00000006fd27de10,0x00000006fd280000)
}
Event: 44.846 GC heap before
{Heap before GC invocations=5 (full 0):
 PSYoungGen      total 139776K, used 139765K [0x00000007ac600000, 0x00000007b5900000, 0x0000000800000000)
  eden space 129024K, 100% used [0x00000007ac600000,0x00000007b4400000,0x00000007b4400000)
  from space 10752K, 99% used [0x00000007b4e80000,0x00000007b58fd728,0x00000007b5900000)
  to   space 10752K, 0% used [0x00000007b4400000,0x00000007b4400000,0x00000007b4e80000)
 ParOldGen       total 171008K, used 27363K [0x0000000705200000, 0x000000070f900000, 0x00000007ac600000)
  object space 171008K, 16% used [0x0000000705200000,0x0000000706cb8eb0,0x000000070f900000)
 PSPermGen       total 42496K, used 42401K [0x00000006fac00000, 0x00000006fd580000, 0x0000000705200000)
  object space 42496K, 99% used [0x00000006fac00000,0x00000006fd568528,0x00000006fd580000)
Event: 45.056 GC heap after
Heap after GC invocations=5 (full 0):
 PSYoungGen      total 139776K, used 10736K [0x00000007ac600000, 0x00000007bef00000, 0x0000000800000000)
  eden space 129024K, 0% used [0x00000007ac600000,0x00000007ac600000,0x00000007b4400000)
  from space 10752K, 99% used [0x00000007b4400000,0x00000007b4e7c1a8,0x00000007b4e80000)
  to   space 23040K, 0% used [0x00000007bd880000,0x00000007bd880000,0x00000007bef00000)
 ParOldGen       total 171008K, used 31138K [0x0000000705200000, 0x000000070f900000, 0x00000007ac600000)
  object space 171008K, 18% used [0x0000000705200000,0x0000000707068810,0x000000070f900000)
 PSPermGen       total 42496K, used 42401K [0x00000006fac00000, 0x00000006fd580000, 0x0000000705200000)
  object space 42496K, 99% used [0x00000006fac00000,0x00000006fd568528,0x00000006fd580000)
}
Event: 55.007 GC heap before
{Heap before GC invocations=6 (full 0):
 PSYoungGen      total 139776K, used 139760K [0x00000007ac600000, 0x00000007bef00000, 0x0000000800000000)
  eden space 129024K, 100% used [0x00000007ac600000,0x00000007b4400000,0x00000007b4400000)
  from space 10752K, 99% used [0x00000007b4400000,0x00000007b4e7c1a8,0x00000007b4e80000)
  to   space 23040K, 0% used [0x00000007bd880000,0x00000007bd880000,0x00000007bef00000)
 ParOldGen       total 171008K, used 31138K [0x0000000705200000, 0x000000070f900000, 0x00000007ac600000)
  object space 171008K, 18% used [0x0000000705200000,0x0000000707068810,0x000000070f900000)
 PSPermGen       total 43008K, used 42867K [0x00000006fac00000, 0x00000006fd600000, 0x0000000705200000)
  object space 43008K, 99% used [0x00000006fac00000,0x00000006fd5dcfb0,0x00000006fd600000)
Event: 55.100 GC heap after
Heap after GC invocations=6 (full 0):
 PSYoungGen      total 281088K, used 14688K [0x00000007ac600000, 0x00000007bef00000, 0x0000000800000000)
  eden space 258048K, 0% used [0x00000007ac600000,0x00000007ac600000,0x00000007bc200000)
  from space 23040K, 63% used [0x00000007bd880000,0x00000007be6d81a8,0x00000007bef00000)
  to   space 23040K, 0% used [0x00000007bc200000,0x00000007bc200000,0x00000007bd880000)
 ParOldGen       total 171008K, used 31138K [0x0000000705200000, 0x000000070f900000, 0x00000007ac600000)
  object space 171008K, 18% used [0x0000000705200000,0x0000000707068810,0x000000070f900000)
 PSPermGen       total 43008K, used 42867K [0x00000006fac00000, 0x00000006fd600000, 0x0000000705200000)
  object space 43008K, 99% used [0x00000006fac00000,0x00000006fd5dcfb0,0x00000006fd600000)
}
Event: 63.924 GC heap before
{Heap before GC invocations=7 (full 0):
 PSYoungGen      total 281088K, used 272736K [0x00000007ac600000, 0x00000007bef00000, 0x0000000800000000)
  eden space 258048K, 100% used [0x00000007ac600000,0x00000007bc200000,0x00000007bc200000)
  from space 23040K, 63% used [0x00000007bd880000,0x00000007be6d81a8,0x00000007bef00000)
  to   space 23040K, 0% used [0x00000007bc200000,0x00000007bc200000,0x00000007bd880000)
 ParOldGen       total 171008K, used 31138K [0x0000000705200000, 0x000000070f900000, 0x00000007ac600000)
  object space 171008K, 18% used [0x0000000705200000,0x0000000707068810,0x000000070f900000)
 PSPermGen       total 43008K, used 42945K [0x00000006fac00000, 0x00000006fd600000, 0x0000000705200000)
  object space 43008K, 99% used [0x00000006fac00000,0x00000006fd5f07c0,0x00000006fd600000)
Event: 64.306 GC heap after
Heap after GC invocations=7 (full 0):
 PSYoungGen      total 281088K, used 11913K [0x00000007ac600000, 0x00000007ceb00000, 0x0000000800000000)
  eden space 258048K, 0% used [0x00000007ac600000,0x00000007ac600000,0x00000007bc200000)
  from space 23040K, 51% used [0x00000007bc200000,0x00000007bcda24f8,0x00000007bd880000)
  to   space 23040K, 0% used [0x00000007cd480000,0x00000007cd480000,0x00000007ceb00000)
 ParOldGen       total 171008K, used 37793K [0x0000000705200000, 0x000000070f900000, 0x00000007ac600000)
  object space 171008K, 22% used [0x0000000705200000,0x00000007076e8650,0x000000070f900000)
 PSPermGen       total 43008K, used 42945K [0x00000006fac00000, 0x00000006fd600000, 0x0000000705200000)
  object space 43008K, 99% used [0x00000006fac00000,0x00000006fd5f07c0,0x00000006fd600000)
}
Event: 75.395 GC heap before
{Heap before GC invocations=8 (full 0):
 PSYoungGen      total 281088K, used 269961K [0x00000007ac600000, 0x00000007ceb00000, 0x0000000800000000)
  eden space 258048K, 100% used [0x00000007ac600000,0x00000007bc200000,0x00000007bc200000)
  from space 23040K, 51% used [0x00000007bc200000,0x00000007bcda24f8,0x00000007bd880000)
  to   space 23040K, 0% used [0x00000007cd480000,0x00000007cd480000,0x00000007ceb00000)
 ParOldGen       total 171008K, used 37793K [0x0000000705200000, 0x000000070f900000, 0x00000007ac600000)
  object space 171008K, 22% used [0x0000000705200000,0x00000007076e8650,0x000000070f900000)
 PSPermGen       total 43008K, used 42992K [0x00000006fac00000, 0x00000006fd600000, 0x0000000705200000)
  object space 43008K, 99% used [0x00000006fac00000,0x00000006fd5fc3b0,0x00000006fd600000)
Event: 75.699 GC heap after
Heap after GC invocations=8 (full 0):
 PSYoungGen      total 538624K, used 10108K [0x00000007ac600000, 0x00000007cec00000, 0x0000000800000000)
  eden space 515584K, 0% used [0x00000007ac600000,0x00000007ac600000,0x00000007cbd80000)
  from space 23040K, 43% used [0x00000007cd480000,0x00000007cde5f1b8,0x00000007ceb00000)
  to   space 23552K, 0% used [0x00000007cbd80000,0x00000007cbd80000,0x00000007cd480000)
 ParOldGen       total 171008K, used 40673K [0x0000000705200000, 0x000000070f900000, 0x00000007ac600000)
  object space 171008K, 23% used [0x0000000705200000,0x00000007079b87b0,0x000000070f900000)
 PSPermGen       total 43008K, used 42992K [0x00000006fac00000, 0x00000006fd600000, 0x0000000705200000)
  object space 43008K, 99% used [0x00000006fac00000,0x00000006fd5fc3b0,0x00000006fd600000)
}
Event: 118.028 GC heap before
{Heap before GC invocations=9 (full 0):
 PSYoungGen      total 538624K, used 525692K [0x00000007ac600000, 0x00000007cec00000, 0x0000000800000000)
  eden space 515584K, 100% used [0x00000007ac600000,0x00000007cbd80000,0x00000007cbd80000)
  from space 23040K, 43% used [0x00000007cd480000,0x00000007cde5f1b8,0x00000007ceb00000)
  to   space 23552K, 0% used [0x00000007cbd80000,0x00000007cbd80000,0x00000007cd480000)
 ParOldGen       total 171008K, used 40673K [0x0000000705200000, 0x000000070f900000, 0x00000007ac600000)
  object space 171008K, 23% used [0x0000000705200000,0x00000007079b87b0,0x000000070f900000)
 PSPermGen       total 43520K, used 43033K [0x00000006fac00000, 0x00000006fd680000, 0x0000000705200000)
  object space 43520K, 98% used [0x00000006fac00000,0x00000006fd6067f0,0x00000006fd680000)

